Using pre-set license
Built from '2020.3/staging' branch; Version is '2020.3.32f1 (12f8b0834f07) revision 1243312'; Using compiler version '192528614'; Build Type 'Release'
OS: 'Windows 10  (10.0.19043) 64bit Core' Language: 'en' Physical Memory: 8101 MB
BatchMode: 1, IsHumanControllingUs: 0, StartBugReporterOnCrash: 0, Is64bit: 1, IsPro: 0

COMMAND LINE ARGUMENTS:
C:\Program Files\Unity\Hub\Editor\2020.3.32f1\Editor\Unity.exe
-adb2
-batchMode
-noUpm
-name
AssetImportWorker1
-projectPath
H:/FirescoreInteractive/Repos/SayCheese/SayCheese
-logFile
Logs/AssetImportWorker1.log
-srvPort
50021
Successfully changed project path to: H:/FirescoreInteractive/Repos/SayCheese/SayCheese
H:/FirescoreInteractive/Repos/SayCheese/SayCheese
Using Asset Import Pipeline V2.
Refreshing native plugins compatible for Editor in 54.21 ms, found 5 plugins.
Preloading 0 native plugins for Editor in 0.00 ms.
Initialize engine version: 2020.3.32f1 (12f8b0834f07)
[Subsystems] Discovering subsystems at path C:/Program Files/Unity/Hub/Editor/2020.3.32f1/Editor/Data/Resources/UnitySubsystems
[Subsystems] Discovering subsystems at path H:/FirescoreInteractive/Repos/SayCheese/SayCheese/Assets
GfxDevice: creating device client; threaded=0
Direct3D:
    Version:  Direct3D 11.0 [level 11.1]
    Renderer: NVIDIA GeForce GTX 1650 (ID=0x2188)
    Vendor:   
    VRAM:     3962 MB
    Driver:   30.0.15.1259
Initialize mono
Mono path[0] = 'C:/Program Files/Unity/Hub/Editor/2020.3.32f1/Editor/Data/Managed'
Mono path[1] = 'C:/Program Files/Unity/Hub/Editor/2020.3.32f1/Editor/Data/MonoBleedingEdge/lib/mono/unityjit'
Mono config path = 'C:/Program Files/Unity/Hub/Editor/2020.3.32f1/Editor/Data/MonoBleedingEdge/etc'
Using monoOptions --debugger-agent=transport=dt_socket,embedding=1,server=y,suspend=n,address=127.0.0.1:56448
Begin MonoManager ReloadAssembly
Registering precompiled unity dll's ...
Register platform support module: C:/Program Files/Unity/Hub/Editor/2020.3.32f1/Editor/Data/PlaybackEngines/WindowsStandaloneSupport/UnityEditor.WindowsStandalone.Extensions.dll
Registered in 0.006704 seconds.
Native extension for WindowsStandalone target not found
Refreshing native plugins compatible for Editor in 76.48 ms, found 5 plugins.
Preloading 0 native plugins for Editor in 0.00 ms.
Mono: successfully reloaded assembly
- Completed reload, in  1.186 seconds
Domain Reload Profiling:
	ReloadAssembly (1187ms)
		BeginReloadAssembly (110ms)
			ExecutionOrderSort (0ms)
			DisableScriptedObjects (0ms)
			BackupInstance (0ms)
			ReleaseScriptingObjects (0ms)
			CreateAndSetChildDomain (1ms)
		EndReloadAssembly (961ms)
			LoadAssemblies (106ms)
			RebuildTransferFunctionScriptingTraits (0ms)
			SetupTypeCache (332ms)
			ReleaseScriptCaches (0ms)
			RebuildScriptCaches (54ms)
			SetupLoadedEditorAssemblies (325ms)
				LogAssemblyErrors (0ms)
				InitializePlatformSupportModulesInManaged (9ms)
				SetLoadedEditorAssemblies (0ms)
				RefreshPlugins (77ms)
				BeforeProcessingInitializeOnLoad (24ms)
				ProcessInitializeOnLoadAttributes (156ms)
				ProcessInitializeOnLoadMethodAttributes (58ms)
				AfterProcessingInitializeOnLoad (0ms)
				EditorAssembliesLoaded (0ms)
			ExecutionOrderSort2 (0ms)
			AwakeInstancesAfterBackupRestoration (0ms)
Platform modules already initialized, skipping
Registering precompiled user dll's ...
Registered in 0.008082 seconds.
Begin MonoManager ReloadAssembly
Native extension for WindowsStandalone target not found
Refreshing native plugins compatible for Editor in 0.79 ms, found 5 plugins.
Preloading 0 native plugins for Editor in 0.00 ms.
Mono: successfully reloaded assembly
- Completed reload, in  2.070 seconds
Domain Reload Profiling:
	ReloadAssembly (2071ms)
		BeginReloadAssembly (301ms)
			ExecutionOrderSort (0ms)
			DisableScriptedObjects (10ms)
			BackupInstance (0ms)
			ReleaseScriptingObjects (0ms)
			CreateAndSetChildDomain (36ms)
		EndReloadAssembly (1669ms)
			LoadAssemblies (172ms)
			RebuildTransferFunctionScriptingTraits (0ms)
			SetupTypeCache (449ms)
			ReleaseScriptCaches (2ms)
			RebuildScriptCaches (96ms)
			SetupLoadedEditorAssemblies (803ms)
				LogAssemblyErrors (0ms)
				InitializePlatformSupportModulesInManaged (8ms)
				SetLoadedEditorAssemblies (1ms)
				RefreshPlugins (1ms)
				BeforeProcessingInitializeOnLoad (208ms)
				ProcessInitializeOnLoadAttributes (537ms)
				ProcessInitializeOnLoadMethodAttributes (20ms)
				AfterProcessingInitializeOnLoad (26ms)
				EditorAssembliesLoaded (0ms)
			ExecutionOrderSort2 (0ms)
			AwakeInstancesAfterBackupRestoration (13ms)
Platform modules already initialized, skipping
========================================================================
Worker process is ready to serve import requests
Launched and connected shader compiler UnityShaderCompiler.exe after 0.18 seconds
Refreshing native plugins compatible for Editor in 0.92 ms, found 5 plugins.
Preloading 0 native plugins for Editor in 0.00 ms.
Unloading 2059 Unused Serialized files (Serialized files now loaded: 0)
System memory in use before: 86.9 MB.
System memory in use after: 87.0 MB.

Unloading 26 unused Assets to reduce memory usage. Loaded Objects now: 2492.
Total: 4.529200 ms (FindLiveObjects: 0.291300 ms CreateObjectMapping: 0.207300 ms MarkObjects: 3.885300 ms  DeleteObjects: 0.143900 ms)

AssetImportParameters requested are different than current active one (requested -> active):
  custom:framework-win-MediaFoundation: 216162199b28c13a410421893ffa2e32 -> 
  custom:video-decoder-ogg-theora: a1e56fd34408186e4bbccfd4996cb3dc -> 
  custom:container-muxer-webm: aa71ff27fc2769a1b78a27578f13a17b -> 
  custom:container-demuxer-webm: 4f35f7cbe854078d1ac9338744f61a02 -> 
  custom:container-demuxer-ogg: 62fdf1f143b41e24485cea50d1cbac27 -> 
  custom:video-encoder-webm-vp8: eb34c28f22e8b96e1ab97ce403110664 -> 
  custom:video-decoder-webm-vp8: 9c59270c3fd7afecdb556c50c9e8de78 -> 
  custom:audio-decoder-ogg-vorbis: bf7c407c2cedff20999df2af8eb42d56 -> 
  custom:audio-encoder-webm-vorbis: bf7c407c2cedff20999df2af8eb42d56 -> 
========================================================================
Received Import Request.
  path: Assets/BzKovSoft
  artifactKey: Guid(4cd9772c0191c0f448a1ffba67f48268) Importer(815301076,1909f56bfc062723c751e8b465ee728b)
Start importing Assets/BzKovSoft using Guid(4cd9772c0191c0f448a1ffba67f48268) Importer(815301076,1909f56bfc062723c751e8b465ee728b)  -> (artifact id: '8584e8b60fe6bed30739bf9ac068df6d') in 0.023162 seconds 
========================================================================
Received Import Request.
  Time since last request: 0.000237 seconds.
  path: Assets/BzKovSoft/ObjectSlicer
  artifactKey: Guid(0d81599d33bc2414b99337efafb5c02b) Importer(815301076,1909f56bfc062723c751e8b465ee728b)
Start importing Assets/BzKovSoft/ObjectSlicer using Guid(0d81599d33bc2414b99337efafb5c02b) Importer(815301076,1909f56bfc062723c751e8b465ee728b)  -> (artifact id: 'bfb35359c12012d1522cb57a65b36fb5') in 0.014199 seconds 
========================================================================
Received Import Request.
  Time since last request: 0.000413 seconds.
  path: Assets/BzKovSoft/CharacterSlicer/Samples/testSceneCharacterKnifeFast.unity
  artifactKey: Guid(48434793b9194d64abdfe8ace40014cc) Importer(815301076,1909f56bfc062723c751e8b465ee728b)
Start importing Assets/BzKovSoft/CharacterSlicer/Samples/testSceneCharacterKnifeFast.unity using Guid(48434793b9194d64abdfe8ace40014cc) Importer(815301076,1909f56bfc062723c751e8b465ee728b)  -> (artifact id: '4e9a5ac4d20cb320704c4acb4d10d6cc') in 0.014412 seconds 
========================================================================
Received Import Request.
  Time since last request: 0.000220 seconds.
  path: Assets/BzKovSoft/CharacterSlicer
  artifactKey: Guid(7134c7f4e0af6dc4bb8442d0c4c36774) Importer(815301076,1909f56bfc062723c751e8b465ee728b)
Start importing Assets/BzKovSoft/CharacterSlicer using Guid(7134c7f4e0af6dc4bb8442d0c4c36774) Importer(815301076,1909f56bfc062723c751e8b465ee728b)  -> (artifact id: '785a1246c1ebda3231f7c6588b82dfd3') in 0.012005 seconds 
========================================================================
Received Import Request.
  Time since last request: 0.000131 seconds.
  path: Assets/BzKovSoft/CharacterSlicer/Samples
  artifactKey: Guid(5e8ff85876a9d5f4fa3347f7c954d673) Importer(815301076,1909f56bfc062723c751e8b465ee728b)
Start importing Assets/BzKovSoft/CharacterSlicer/Samples using Guid(5e8ff85876a9d5f4fa3347f7c954d673) Importer(815301076,1909f56bfc062723c751e8b465ee728b)  -> (artifact id: 'b2246654f2c85bf7da11552065f082a8') in 0.008984 seconds 
========================================================================
Received Import Request.
  Time since last request: 20.413735 seconds.
  path: Assets/BzKovSoft/CharacterSlicer/Samples/Models
  artifactKey: Guid(d949e7c0a059ff84d981fc539b54102d) Importer(815301076,1909f56bfc062723c751e8b465ee728b)
Start importing Assets/BzKovSoft/CharacterSlicer/Samples/Models using Guid(d949e7c0a059ff84d981fc539b54102d) Importer(815301076,1909f56bfc062723c751e8b465ee728b)  -> (artifact id: '70920dd9242bb540430e4790f8293f38') in 0.018936 seconds 
========================================================================
Received Import Request.
  Time since last request: 1.642187 seconds.
  path: Assets/BzKovSoft/CharacterSlicer/Samples/Raw Mocap Data
  artifactKey: Guid(f7fcef0ea4f982e49aae869a8ba9dc09) Importer(815301076,1909f56bfc062723c751e8b465ee728b)
Start importing Assets/BzKovSoft/CharacterSlicer/Samples/Raw Mocap Data using Guid(f7fcef0ea4f982e49aae869a8ba9dc09) Importer(815301076,1909f56bfc062723c751e8b465ee728b)  -> (artifact id: '1dc744b2721fd5231a64e7da80c7536f') in 0.010717 seconds 
========================================================================
Received Import Request.
  Time since last request: 3.253808 seconds.
  path: Assets/BzKovSoft/CharacterSlicer/Samples/Models/DefaultAvatar.fbm
  artifactKey: Guid(268374f5f976b094392ba4fcc17c5525) Importer(815301076,1909f56bfc062723c751e8b465ee728b)
Start importing Assets/BzKovSoft/CharacterSlicer/Samples/Models/DefaultAvatar.fbm using Guid(268374f5f976b094392ba4fcc17c5525) Importer(815301076,1909f56bfc062723c751e8b465ee728b)  -> (artifact id: '1c57f79ea4677becbe75a2f21f410e3c') in 0.009491 seconds 
========================================================================
Received Import Request.
  Time since last request: 21.430055 seconds.
  path: Assets/SayCheese/_Scenes/MeshCutting.unity
  artifactKey: Guid(2708f90cbcf11c54e8c6064263d7baa8) Importer(815301076,1909f56bfc062723c751e8b465ee728b)
Start importing Assets/SayCheese/_Scenes/MeshCutting.unity using Guid(2708f90cbcf11c54e8c6064263d7baa8) Importer(815301076,1909f56bfc062723c751e8b465ee728b)  -> (artifact id: '745ef447028a28623af4baa20636f163') in 0.009528 seconds 
========================================================================
Received Import Request.
  Time since last request: 12.319405 seconds.
  path: Assets/BzKovSoft/ObjectSlicer/Samples
  artifactKey: Guid(34d47b63d4326a04f9b17ea593132a2f) Importer(815301076,1909f56bfc062723c751e8b465ee728b)
Start importing Assets/BzKovSoft/ObjectSlicer/Samples using Guid(34d47b63d4326a04f9b17ea593132a2f) Importer(815301076,1909f56bfc062723c751e8b465ee728b)  -> (artifact id: '717137878a9bfd9fe85255b8986900c8') in 0.003343 seconds 
========================================================================
Received Import Request.
  Time since last request: 1.537329 seconds.
  path: Assets/BzKovSoft/ObjectSlicer/Samples/Scenes
  artifactKey: Guid(739c60858c8656c40955c1a728d5cd6a) Importer(815301076,1909f56bfc062723c751e8b465ee728b)
Start importing Assets/BzKovSoft/ObjectSlicer/Samples/Scenes using Guid(739c60858c8656c40955c1a728d5cd6a) Importer(815301076,1909f56bfc062723c751e8b465ee728b)  -> (artifact id: 'ef856463ad6d419c85ca151b5b282082') in 0.010316 seconds 
========================================================================
Received Import Request.
  Time since last request: 2.532820 seconds.
  path: Assets/BzKovSoft/ObjectSlicer/Samples/Scenes/testSceneByPlane.unity
  artifactKey: Guid(5428717ebad243b438331c03801d7582) Importer(815301076,1909f56bfc062723c751e8b465ee728b)
Start importing Assets/BzKovSoft/ObjectSlicer/Samples/Scenes/testSceneByPlane.unity using Guid(5428717ebad243b438331c03801d7582) Importer(815301076,1909f56bfc062723c751e8b465ee728b)  -> (artifact id: 'e50200f250f6e4981484cfda38604187') in 0.009293 seconds 
========================================================================
Received Import Request.
  Time since last request: 115.568879 seconds.
  path: Assets/BzKovSoft/ObjectSlicer/Samples/Scenes/testSceneKnife.unity
  artifactKey: Guid(d5e0c12c338f6ac49909c382f9634ead) Importer(815301076,1909f56bfc062723c751e8b465ee728b)
Start importing Assets/BzKovSoft/ObjectSlicer/Samples/Scenes/testSceneKnife.unity using Guid(d5e0c12c338f6ac49909c382f9634ead) Importer(815301076,1909f56bfc062723c751e8b465ee728b)  -> (artifact id: '4cd823798f1df18f1be1ed6d744779cd') in 0.011264 seconds 
========================================================================
Received Import Request.
  Time since last request: 46.018488 seconds.
  path: Assets/BzKovSoft/ObjectSlicer/Samples/Scenes/testSceneManual.unity
  artifactKey: Guid(46a0d02182376eb4ea46dbd7248b2456) Importer(815301076,1909f56bfc062723c751e8b465ee728b)
Start importing Assets/BzKovSoft/ObjectSlicer/Samples/Scenes/testSceneManual.unity using Guid(46a0d02182376eb4ea46dbd7248b2456) Importer(815301076,1909f56bfc062723c751e8b465ee728b)  -> (artifact id: 'cc687d1283f038526fff947c67fe3982') in 0.010333 seconds 
========================================================================
Received Import Request.
  Time since last request: 119.419583 seconds.
  path: Assets/SayCheese/_Scripts/Gameplay
  artifactKey: Guid(b2996f99e54bbeb4b8d6222a9b81e6b1) Importer(815301076,1909f56bfc062723c751e8b465ee728b)
Start importing Assets/SayCheese/_Scripts/Gameplay using Guid(b2996f99e54bbeb4b8d6222a9b81e6b1) Importer(815301076,1909f56bfc062723c751e8b465ee728b)  -> (artifact id: '6d8271528c36f94ceaec2fdc14e6c59c') in 0.018028 seconds 
========================================================================
Received Import Request.
  Time since last request: 16.687887 seconds.
  path: Assets/SayCheese/_Scripts/Control/GameManager.cs
  artifactKey: Guid(830fae9b6adf0ac438585a1788f5e8ed) Importer(815301076,1909f56bfc062723c751e8b465ee728b)
Start importing Assets/SayCheese/_Scripts/Control/GameManager.cs using Guid(830fae9b6adf0ac438585a1788f5e8ed) Importer(815301076,1909f56bfc062723c751e8b465ee728b)  -> (artifact id: '9348cee0750e39ff4aa992f544390bef') in 0.066969 seconds 
========================================================================
Received Import Request.
  Time since last request: 22.759500 seconds.
  path: Assets/SayCheese/_Scripts/Control/GameManager1.cs
  artifactKey: Guid(830fae9b6adf0ac438585a1788f5e8ed) Importer(815301076,1909f56bfc062723c751e8b465ee728b)
Start importing Assets/SayCheese/_Scripts/Control/GameManager1.cs using Guid(830fae9b6adf0ac438585a1788f5e8ed) Importer(815301076,1909f56bfc062723c751e8b465ee728b)  -> (artifact id: 'aee9997e50996d1bb3a11d32df44ff60') in 0.015051 seconds 
========================================================================
Received Import Request.
  Time since last request: 108.070749 seconds.
  path: Assets/SayCheese/_Scripts/Control/GameManager1.cs
  artifactKey: Guid(830fae9b6adf0ac438585a1788f5e8ed) Importer(815301076,1909f56bfc062723c751e8b465ee728b)
Start importing Assets/SayCheese/_Scripts/Control/GameManager1.cs using Guid(830fae9b6adf0ac438585a1788f5e8ed) Importer(815301076,1909f56bfc062723c751e8b465ee728b)  -> (artifact id: 'afd73c1c41d2935e3fc017898932ef52') in 0.008663 seconds 
========================================================================
Received Import Request.
  Time since last request: 2.513709 seconds.
  path: Assets/SayCheese/_Scripts/Control/GameStepState.cs
  artifactKey: Guid(7ff14ba819ecbff46bac5a9a43fe296b) Importer(815301076,1909f56bfc062723c751e8b465ee728b)
Start importing Assets/SayCheese/_Scripts/Control/GameStepState.cs using Guid(7ff14ba819ecbff46bac5a9a43fe296b) Importer(815301076,1909f56bfc062723c751e8b465ee728b)  -> (artifact id: 'a92d631a0a65fa99f4e49f46454b7289') in 0.010726 seconds 
========================================================================
Received Import Request.
  Time since last request: 0.352665 seconds.
  path: Assets/SayCheese/_Scripts/Control/CameraController.cs
  artifactKey: Guid(1277e97943ad7dc4a9fdd49a6461b758) Importer(815301076,1909f56bfc062723c751e8b465ee728b)
Start importing Assets/SayCheese/_Scripts/Control/CameraController.cs using Guid(1277e97943ad7dc4a9fdd49a6461b758) Importer(815301076,1909f56bfc062723c751e8b465ee728b)  -> (artifact id: 'b64b17a2019110e6806e8e6d1b82cb14') in 0.009559 seconds 
========================================================================
Received Import Request.
  Time since last request: 3.550120 seconds.
  path: Assets/SayCheese/_Scripts/Control/GameManager.cs
  artifactKey: Guid(830fae9b6adf0ac438585a1788f5e8ed) Importer(815301076,1909f56bfc062723c751e8b465ee728b)
Start importing Assets/SayCheese/_Scripts/Control/GameManager.cs using Guid(830fae9b6adf0ac438585a1788f5e8ed) Importer(815301076,1909f56bfc062723c751e8b465ee728b)  -> (artifact id: '9f5f75ddd435ce2bd882de98e06423c9') in 0.013904 seconds 
========================================================================
Received Prepare
Registering precompiled user dll's ...
Registered in 0.502443 seconds.
Begin MonoManager ReloadAssembly
Native extension for WindowsStandalone target not found
Refreshing native plugins compatible for Editor in 0.58 ms, found 5 plugins.
Preloading 0 native plugins for Editor in 0.00 ms.
Mono: successfully reloaded assembly
- Completed reload, in  1.484 seconds
Domain Reload Profiling:
	ReloadAssembly (1485ms)
		BeginReloadAssembly (191ms)
			ExecutionOrderSort (0ms)
			DisableScriptedObjects (9ms)
			BackupInstance (0ms)
			ReleaseScriptingObjects (0ms)
			CreateAndSetChildDomain (50ms)
		EndReloadAssembly (1194ms)
			LoadAssemblies (179ms)
			RebuildTransferFunctionScriptingTraits (0ms)
			SetupTypeCache (385ms)
			ReleaseScriptCaches (1ms)
			RebuildScriptCaches (59ms)
			SetupLoadedEditorAssemblies (431ms)
				LogAssemblyErrors (0ms)
				InitializePlatformSupportModulesInManaged (8ms)
				SetLoadedEditorAssemblies (1ms)
				RefreshPlugins (1ms)
				BeforeProcessingInitializeOnLoad (147ms)
				ProcessInitializeOnLoadAttributes (245ms)
				ProcessInitializeOnLoadMethodAttributes (13ms)
				AfterProcessingInitializeOnLoad (17ms)
				EditorAssembliesLoaded (0ms)
			ExecutionOrderSort2 (0ms)
			AwakeInstancesAfterBackupRestoration (9ms)
Platform modules already initialized, skipping
Refreshing native plugins compatible for Editor in 0.57 ms, found 5 plugins.
Preloading 0 native plugins for Editor in 0.00 ms.
Unloading 2034 Unused Serialized files (Serialized files now loaded: 0)
System memory in use before: 87.0 MB.
System memory in use after: 86.5 MB.

Unloading 36 unused Assets to reduce memory usage. Loaded Objects now: 2485.
Total: 4.622200 ms (FindLiveObjects: 0.211700 ms CreateObjectMapping: 0.108300 ms MarkObjects: 3.706200 ms  DeleteObjects: 0.595100 ms)

AssetImportParameters requested are different than current active one (requested -> active):
  custom:framework-win-MediaFoundation: 216162199b28c13a410421893ffa2e32 -> 
  custom:video-decoder-ogg-theora: a1e56fd34408186e4bbccfd4996cb3dc -> 
  custom:container-muxer-webm: aa71ff27fc2769a1b78a27578f13a17b -> 
  custom:container-demuxer-webm: 4f35f7cbe854078d1ac9338744f61a02 -> 
  custom:container-demuxer-ogg: 62fdf1f143b41e24485cea50d1cbac27 -> 
  custom:video-encoder-webm-vp8: eb34c28f22e8b96e1ab97ce403110664 -> 
  custom:video-decoder-webm-vp8: 9c59270c3fd7afecdb556c50c9e8de78 -> 
  custom:audio-decoder-ogg-vorbis: bf7c407c2cedff20999df2af8eb42d56 -> 
  custom:audio-encoder-webm-vorbis: bf7c407c2cedff20999df2af8eb42d56 -> 
========================================================================
Received Import Request.
  Time since last request: 352.542127 seconds.
  path: Assets/BzKovSoft/CheeseSlicerAssets2/Scenes
  artifactKey: Guid(7f9540cd64a958448b3707da8ca8e34b) Importer(815301076,1909f56bfc062723c751e8b465ee728b)
Start importing Assets/BzKovSoft/CheeseSlicerAssets2/Scenes using Guid(7f9540cd64a958448b3707da8ca8e34b) Importer(815301076,1909f56bfc062723c751e8b465ee728b)  -> (artifact id: '5c91e365b89f756340db2fac0e31059c') in 0.006622 seconds 
========================================================================
Received Import Request.
  Time since last request: 0.000267 seconds.
  path: Assets/BzKovSoft/CheeseSlicerAssets2/Scenes/SampleScene.unity
  artifactKey: Guid(ec0fa557e44a13b44ab3dc8c35644134) Importer(815301076,1909f56bfc062723c751e8b465ee728b)
Start importing Assets/BzKovSoft/CheeseSlicerAssets2/Scenes/SampleScene.unity using Guid(ec0fa557e44a13b44ab3dc8c35644134) Importer(815301076,1909f56bfc062723c751e8b465ee728b)  -> (artifact id: 'eebdb3195881b7c31fe6a29a272e42da') in 0.007432 seconds 
========================================================================
Received Import Request.
  Time since last request: 0.000456 seconds.
  path: Assets/BzKovSoft/CheeseSlicerAssets2
  artifactKey: Guid(0500904d3dc1bc240a8f84dc7d2c1def) Importer(815301076,1909f56bfc062723c751e8b465ee728b)
Start importing Assets/BzKovSoft/CheeseSlicerAssets2 using Guid(0500904d3dc1bc240a8f84dc7d2c1def) Importer(815301076,1909f56bfc062723c751e8b465ee728b)  -> (artifact id: 'cdd49fe9c5a3e46acd218056c8974fdb') in 0.016134 seconds 
========================================================================
Received Prepare
Registering precompiled user dll's ...
Registered in 0.005918 seconds.
Begin MonoManager ReloadAssembly
Native extension for WindowsStandalone target not found
Refreshing native plugins compatible for Editor in 0.58 ms, found 5 plugins.
Preloading 0 native plugins for Editor in 0.00 ms.
Mono: successfully reloaded assembly
- Completed reload, in  2.122 seconds
Domain Reload Profiling:
	ReloadAssembly (2123ms)
		BeginReloadAssembly (267ms)
			ExecutionOrderSort (0ms)
			DisableScriptedObjects (12ms)
			BackupInstance (0ms)
			ReleaseScriptingObjects (0ms)
			CreateAndSetChildDomain (64ms)
		EndReloadAssembly (1711ms)
			LoadAssemblies (243ms)
			RebuildTransferFunctionScriptingTraits (0ms)
			SetupTypeCache (623ms)
			ReleaseScriptCaches (2ms)
			RebuildScriptCaches (81ms)
			SetupLoadedEditorAssemblies (634ms)
				LogAssemblyErrors (0ms)
				InitializePlatformSupportModulesInManaged (10ms)
				SetLoadedEditorAssemblies (1ms)
				RefreshPlugins (1ms)
				BeforeProcessingInitializeOnLoad (191ms)
				ProcessInitializeOnLoadAttributes (386ms)
				ProcessInitializeOnLoadMethodAttributes (19ms)
				AfterProcessingInitializeOnLoad (25ms)
				EditorAssembliesLoaded (0ms)
			ExecutionOrderSort2 (0ms)
			AwakeInstancesAfterBackupRestoration (17ms)
Platform modules already initialized, skipping
Refreshing native plugins compatible for Editor in 1.31 ms, found 5 plugins.
Preloading 0 native plugins for Editor in 0.00 ms.
Unloading 2033 Unused Serialized files (Serialized files now loaded: 0)
System memory in use before: 86.9 MB.
System memory in use after: 86.4 MB.

Unloading 22 unused Assets to reduce memory usage. Loaded Objects now: 2488.
Total: 6.150600 ms (FindLiveObjects: 0.467600 ms CreateObjectMapping: 0.349100 ms MarkObjects: 4.700200 ms  DeleteObjects: 0.632200 ms)

AssetImportParameters requested are different than current active one (requested -> active):
  custom:framework-win-MediaFoundation: 216162199b28c13a410421893ffa2e32 -> 
  custom:video-decoder-ogg-theora: a1e56fd34408186e4bbccfd4996cb3dc -> 
  custom:container-muxer-webm: aa71ff27fc2769a1b78a27578f13a17b -> 
  custom:container-demuxer-webm: 4f35f7cbe854078d1ac9338744f61a02 -> 
  custom:container-demuxer-ogg: 62fdf1f143b41e24485cea50d1cbac27 -> 
  custom:video-encoder-webm-vp8: eb34c28f22e8b96e1ab97ce403110664 -> 
  custom:video-decoder-webm-vp8: 9c59270c3fd7afecdb556c50c9e8de78 -> 
  custom:audio-decoder-ogg-vorbis: bf7c407c2cedff20999df2af8eb42d56 -> 
  custom:audio-encoder-webm-vorbis: bf7c407c2cedff20999df2af8eb42d56 -> 
========================================================================
Received Import Request.
  Time since last request: 615.753708 seconds.
  path: Assets/BzKovSoft/ObjectSlicer/Polygon
  artifactKey: Guid(c4bd47c64886d4a5db6d7f9601c760f4) Importer(815301076,1909f56bfc062723c751e8b465ee728b)
Start importing Assets/BzKovSoft/ObjectSlicer/Polygon using Guid(c4bd47c64886d4a5db6d7f9601c760f4) Importer(815301076,1909f56bfc062723c751e8b465ee728b)  -> (artifact id: '683f4f6992f4d1b182e7f2fc6e0119f0') in 0.015811 seconds 
========================================================================
Received Import Request.
  Time since last request: 151.824647 seconds.
  path: Assets/BzKovSoft/CheeseSlicerAssets2/Scenes/SampleScene.unity
  artifactKey: Guid(ec0fa557e44a13b44ab3dc8c35644134) Importer(815301076,1909f56bfc062723c751e8b465ee728b)
Start importing Assets/BzKovSoft/CheeseSlicerAssets2/Scenes/SampleScene.unity using Guid(ec0fa557e44a13b44ab3dc8c35644134) Importer(815301076,1909f56bfc062723c751e8b465ee728b)  -> (artifact id: 'c44c3e296306a5cb6fc4407008494187') in 0.007304 seconds 
========================================================================
Received Import Request.
  Time since last request: 186.863608 seconds.
  path: Assets/BzKovSoft/CheeseSlicerAssets2/Scenes/SampleScene 1.unity
  artifactKey: Guid(8076f9b671c812a45a7889c00e242623) Importer(815301076,1909f56bfc062723c751e8b465ee728b)
Start importing Assets/BzKovSoft/CheeseSlicerAssets2/Scenes/SampleScene 1.unity using Guid(8076f9b671c812a45a7889c00e242623) Importer(815301076,1909f56bfc062723c751e8b465ee728b)  -> (artifact id: 'af096c555ac863d489879e8c995af130') in 0.009218 seconds 
========================================================================
Received Import Request.
  Time since last request: 3.084243 seconds.
  path: Assets/BzKovSoft/CheeseSlicerAssets2/Scenes/CheeseTest.unity
  artifactKey: Guid(8076f9b671c812a45a7889c00e242623) Importer(815301076,1909f56bfc062723c751e8b465ee728b)
Start importing Assets/BzKovSoft/CheeseSlicerAssets2/Scenes/CheeseTest.unity using Guid(8076f9b671c812a45a7889c00e242623) Importer(815301076,1909f56bfc062723c751e8b465ee728b)  -> (artifact id: 'ad071b901e289ada5e5222ea77d466d1') in 0.008755 seconds 
========================================================================
Received Import Request.
  Time since last request: 238.658891 seconds.
  path: Assets/CheeseSlicerAssets2/Scenes/SampleScene.unity
  artifactKey: Guid(b523daae9ccd50745a60a9e554619937) Importer(815301076,1909f56bfc062723c751e8b465ee728b)
Start importing Assets/CheeseSlicerAssets2/Scenes/SampleScene.unity using Guid(b523daae9ccd50745a60a9e554619937) Importer(815301076,1909f56bfc062723c751e8b465ee728b)  -> (artifact id: '4fc475a2235344081f1b1fbf69c43219') in 0.020720 seconds 
========================================================================
Received Import Request.
  Time since last request: 47.190641 seconds.
  path: Assets/Resources
  artifactKey: Guid(0ca6449fd88d5b6408793156c0cc0ae5) Importer(815301076,1909f56bfc062723c751e8b465ee728b)
Start importing Assets/Resources using Guid(0ca6449fd88d5b6408793156c0cc0ae5) Importer(815301076,1909f56bfc062723c751e8b465ee728b)  -> (artifact id: 'd37e937b601c44cff6281e2dbbb59259') in 0.013567 seconds 
========================================================================
Received Import Request.
  Time since last request: 79.205187 seconds.
  path: Assets/SayCheese/_Scenes/CheeseTest.unity
  artifactKey: Guid(8076f9b671c812a45a7889c00e242623) Importer(815301076,1909f56bfc062723c751e8b465ee728b)
Start importing Assets/SayCheese/_Scenes/CheeseTest.unity using Guid(8076f9b671c812a45a7889c00e242623) Importer(815301076,1909f56bfc062723c751e8b465ee728b)  -> (artifact id: 'a0fb953d2ce03f360663888a02f4cae3') in 0.015849 seconds 
========================================================================
Received Import Request.
  Time since last request: 16.430148 seconds.
  path: Assets/BzKovSoft/ObjectSlicer/Samples/Scenes/testSceneKnife 1.unity
  artifactKey: Guid(9c6ccf8e7a264c544b87dc0440947614) Importer(815301076,1909f56bfc062723c751e8b465ee728b)
Start importing Assets/BzKovSoft/ObjectSlicer/Samples/Scenes/testSceneKnife 1.unity using Guid(9c6ccf8e7a264c544b87dc0440947614) Importer(815301076,1909f56bfc062723c751e8b465ee728b)  -> (artifact id: '6ae6440efef5e7f7c334e5482b12f4ca') in 0.011925 seconds 
========================================================================
Received Import Request.
  Time since last request: 472.135561 seconds.
  path: Assets/LeanTween
  artifactKey: Guid(5e6a0fa47acf54892bbdae89028eaec3) Importer(815301076,1909f56bfc062723c751e8b465ee728b)
Start importing Assets/LeanTween using Guid(5e6a0fa47acf54892bbdae89028eaec3) Importer(815301076,1909f56bfc062723c751e8b465ee728b)  -> (artifact id: 'a11d48d874f6bc25ec1059faf5fcea4f') in 0.014063 seconds 
========================================================================
Received Import Request.
  Time since last request: 186.248958 seconds.
  path: Assets/SayCheese/_Scenes/CheeseTest.unity
  artifactKey: Guid(8076f9b671c812a45a7889c00e242623) Importer(815301076,1909f56bfc062723c751e8b465ee728b)
Start importing Assets/SayCheese/_Scenes/CheeseTest.unity using Guid(8076f9b671c812a45a7889c00e242623) Importer(815301076,1909f56bfc062723c751e8b465ee728b)  -> (artifact id: 'bdca48fde5b23ce1ab74ea9564e16f2b') in 0.004760 seconds 
========================================================================
Received Import Request.
  Time since last request: 3.246129 seconds.
  path: Assets/SayCheese/_Scenes/MeshCutting.unity
  artifactKey: Guid(2708f90cbcf11c54e8c6064263d7baa8) Importer(815301076,1909f56bfc062723c751e8b465ee728b)
Start importing Assets/SayCheese/_Scenes/MeshCutting.unity using Guid(2708f90cbcf11c54e8c6064263d7baa8) Importer(815301076,1909f56bfc062723c751e8b465ee728b)  -> (artifact id: 'a5c90fda7cc700380e8ffa72c5c6ff22') in 0.012424 seconds 
========================================================================
Received Import Request.
  Time since last request: 3073.085595 seconds.
  path: Assets/SayCheese/_Scenes/MeshCutting.unity
  artifactKey: Guid(2708f90cbcf11c54e8c6064263d7baa8) Importer(815301076,1909f56bfc062723c751e8b465ee728b)
Start importing Assets/SayCheese/_Scenes/MeshCutting.unity using Guid(2708f90cbcf11c54e8c6064263d7baa8) Importer(815301076,1909f56bfc062723c751e8b465ee728b)  -> (artifact id: '23e89c2942360aed570a74159a6f6646') in 0.005868 seconds 
========================================================================
Received Import Request.
  Time since last request: 16.387018 seconds.
  path: Assets/SayCheese/_Scripts/Level/Slicer.cs
  artifactKey: Guid(1c3df9b325f0cde408f84b5c0adf8a2b) Importer(815301076,1909f56bfc062723c751e8b465ee728b)
Start importing Assets/SayCheese/_Scripts/Level/Slicer.cs using Guid(1c3df9b325f0cde408f84b5c0adf8a2b) Importer(815301076,1909f56bfc062723c751e8b465ee728b)  -> (artifact id: 'f1f346084b56d85c31eb2ffc5c07d20c') in 0.011694 seconds 
========================================================================
Received Import Request.
  Time since last request: 16.972163 seconds.
  path: Assets/SayCheese/_Scripts/Level/SliceController.cs
  artifactKey: Guid(d71c3ee25b5396b46a06e9a5597c85d5) Importer(815301076,1909f56bfc062723c751e8b465ee728b)
Start importing Assets/SayCheese/_Scripts/Level/SliceController.cs using Guid(d71c3ee25b5396b46a06e9a5597c85d5) Importer(815301076,1909f56bfc062723c751e8b465ee728b)  -> (artifact id: '28e1ef339be154776c7e7154715d10d7') in 0.021224 seconds 
